#
# There is insufficient memory for the Java Runtime Environment to continue.
# Native memory allocation (malloc) failed to allocate 32744 bytes for ChunkPool::allocate
# Possible reasons:
#   The system is out of physical RAM or swap space
#   The process is running with CompressedOops enabled, and the Java Heap may be blocking the growth of the native heap
# Possible solutions:
#   Reduce memory load on the system
#   Increase physical memory or swap space
#   Check if swap backing store is full
#   Decrease Java heap size (-Xmx/-Xms)
#   Decrease number of Java threads
#   Decrease Java thread stack sizes (-Xss)
#   Set larger code cache with -XX:ReservedCodeCacheSize=
#   JVM is running with Unscaled Compressed Oops mode in which the Java heap is
#     placed in the first 4GB address space. The Java Heap base address is the
#     maximum limit for the native heap growth. Please use -XX:HeapBaseMinAddress
#     to set the Java Heap base and to place the Java Heap above 4GB virtual address.
# This output file may be truncated or incomplete.
#
#  Out of Memory Error (allocation.cpp:272), pid=6396, tid=0x00000000000049ac
#
# JRE version: Java(TM) SE Runtime Environment (8.0_202-b08) (build 1.8.0_202-b08)
# Java VM: Java HotSpot(TM) 64-Bit Server VM (25.202-b08 mixed mode windows-amd64 compressed oops)
# Failed to write core dump. Minidumps are not enabled by default on client versions of Windows
#

---------------  T H R E A D  ---------------

Current thread (0x00000000180a3000):  JavaThread "C2 CompilerThread2" daemon [_thread_in_native, id=18860, stack(0x0000000018b70000,0x0000000018c70000)]

Stack: [0x0000000018b70000,0x0000000018c70000]
[error occurred during error reporting (printing stack bounds), id 0xc0000005]

Native frames: (J=compiled Java code, j=interpreted, Vv=VM code, C=native code)


Current CompileTask:
C2:   8856 4847   !   4       lombok.core.AST::buildWithField0 (122 bytes)


---------------  P R O C E S S  ---------------

Java Threads: ( => current thread )
  0x000000001813c800 JavaThread "Service Thread" daemon [_thread_blocked, id=9728, stack(0x0000000018d70000,0x0000000018e70000)]
  0x00000000180a7000 JavaThread "C1 CompilerThread3" daemon [_thread_blocked, id=16524, stack(0x0000000018c70000,0x0000000018d70000)]
=>0x00000000180a3000 JavaThread "C2 CompilerThread2" daemon [_thread_in_native, id=18860, stack(0x0000000018b70000,0x0000000018c70000)]
  0x00000000180a2000 JavaThread "C2 CompilerThread1" daemon [_thread_in_native, id=13852, stack(0x0000000018a70000,0x0000000018b70000)]
  0x00000000180a0000 JavaThread "C2 CompilerThread0" daemon [_thread_in_native, id=9488, stack(0x0000000018970000,0x0000000018a70000)]
  0x000000001809e800 JavaThread "Attach Listener" daemon [_thread_blocked, id=4644, stack(0x0000000018870000,0x0000000018970000)]
  0x000000001809d800 JavaThread "Signal Dispatcher" daemon [_thread_blocked, id=3284, stack(0x0000000018770000,0x0000000018870000)]
  0x0000000018091000 JavaThread "Finalizer" daemon [_thread_blocked, id=8292, stack(0x0000000018570000,0x0000000018670000)]
  0x000000001629d800 JavaThread "Reference Handler" daemon [_thread_blocked, id=6956, stack(0x0000000018470000,0x0000000018570000)]
  0x00000000023a2800 JavaThread "main" [_thread_in_native, id=14980, stack(0x0000000002220000,0x0000000002320000)]

Other Threads:
  0x0000000016297800 VMThread [stack: 0x0000000017f70000,0x0000000018070000] [id=13908]
  0x0000000018166800 WatcherThread [stack: 0x0000000018e70000,0x0000000018f70000] [id=12600]

VM state:not at safepoint (normal execution)

VM Mutex/Monitor currently owned by a thread: None

heap address: 0x00000000a1400000, size: 1516 MB, Compressed Oops mode: 32-bit
Narrow klass base: 0x0000000000000000, Narrow klass shift: 3
Compressed class space size: 1073741824 Address: 0x0000000100000000

Heap:
 PSYoungGen      total 99840K, used 52696K [0x00000000e0700000, 0x00000000eb500000, 0x0000000100000000)
  eden space 92160K, 48% used [0x00000000e0700000,0x00000000e32fa530,0x00000000e6100000)
  from space 7680K, 99% used [0x00000000e6f80000,0x00000000e76fbc80,0x00000000e7700000)
  to   space 14848K, 0% used [0x00000000e6100000,0x00000000e6100000,0x00000000e6f80000)
 ParOldGen       total 51200K, used 25674K [0x00000000a1400000, 0x00000000a4600000, 0x00000000e0700000)
  object space 51200K, 50% used [0x00000000a1400000,0x00000000a2d12b20,0x00000000a4600000)
 Metaspace       used 27656K, capacity 28626K, committed 28928K, reserved 1075200K
  class space    used 3291K, capacity 3541K, committed 3584K, reserved 1048576K

Card table byte_map: [0x0000000011950000,0x0000000011c50000] byte_map_base: 0x0000000011446000

Marking Bits: (ParMarkBitMap*) 0x0000000070875ce0
 Begin Bits: [0x0000000012650000, 0x0000000013e00000)
 End Bits:   [0x0000000013e00000, 0x00000000155b0000)

Polling page: 0x0000000000a40000

CodeCache: size=245760Kb used=14974Kb max_used=16025Kb free=230785Kb
 bounds [0x0000000002590000, 0x0000000003550000, 0x0000000011590000]
 total_blobs=4797 nmethods=4362 adapters=347
 compilation: enabled

Compilation events (10 events):
Event: 8.832 Thread 0x00000000180a7000 4949       3       com.sun.tools.javac.code.Types$15::visitType (38 bytes)
Event: 8.832 Thread 0x00000000180a7000 nmethod 4949 0x000000000269d390 code [0x000000000269d520, 0x000000000269d998]
Event: 8.832 Thread 0x00000000180a7000 4950       3       com.sun.tools.javac.code.Type::map (2 bytes)
Event: 8.833 Thread 0x00000000180a7000 nmethod 4950 0x000000000269d050 code [0x000000000269d1a0, 0x000000000269d2f0]
Event: 8.833 Thread 0x00000000180a7000 4951       3       com.sun.tools.javac.jvm.ClassReader::readClassOrType (120 bytes)
Event: 8.834 Thread 0x00000000180a7000 nmethod 4951 0x0000000002c402d0 code [0x0000000002c40500, 0x0000000002c41098]
Event: 8.845 Thread 0x00000000180a7000 4952       3       com.sun.tools.javac.code.Type$ArrayType::getTag (4 bytes)
Event: 8.845 Thread 0x00000000180a7000 nmethod 4952 0x000000000289ab10 code [0x000000000289ac60, 0x000000000289adb0]
Event: 8.850 Thread 0x00000000180a7000 4953       3       com.sun.tools.javac.comp.Annotate::normal (10 bytes)
Event: 8.850 Thread 0x00000000180a7000 nmethod 4953 0x000000000289a710 code [0x000000000289a880, 0x000000000289aa28]

GC Heap History (10 events):
Event: 3.384 GC heap before
{Heap before GC invocations=5 (full 0):
 PSYoungGen      total 53248K, used 53216K [0x00000000e0700000, 0x00000000e3f00000, 0x0000000100000000)
  eden space 49152K, 100% used [0x00000000e0700000,0x00000000e3700000,0x00000000e3700000)
  from space 4096K, 99% used [0x00000000e3b00000,0x00000000e3ef8040,0x00000000e3f00000)
  to   space 4096K, 0% used [0x00000000e3700000,0x00000000e3700000,0x00000000e3b00000)
 ParOldGen       total 65536K, used 7117K [0x00000000a1400000, 0x00000000a5400000, 0x00000000e0700000)
  object space 65536K, 10% used [0x00000000a1400000,0x00000000a1af3460,0x00000000a5400000)
 Metaspace       used 19035K, capacity 19650K, committed 19712K, reserved 1067008K
  class space    used 2349K, capacity 2543K, committed 2560K, reserved 1048576K
Event: 3.402 GC heap after
Heap after GC invocations=5 (full 0):
 PSYoungGen      total 53248K, used 4080K [0x00000000e0700000, 0x00000000e7800000, 0x0000000100000000)
  eden space 49152K, 0% used [0x00000000e0700000,0x00000000e0700000,0x00000000e3700000)
  from space 4096K, 99% used [0x00000000e3700000,0x00000000e3afc030,0x00000000e3b00000)
  to   space 8704K, 0% used [0x00000000e6f80000,0x00000000e6f80000,0x00000000e7800000)
 ParOldGen       total 65536K, used 10895K [0x00000000a1400000, 0x00000000a5400000, 0x00000000e0700000)
  object space 65536K, 16% used [0x00000000a1400000,0x00000000a1ea3fd0,0x00000000a5400000)
 Metaspace       used 19035K, capacity 19650K, committed 19712K, reserved 1067008K
  class space    used 2349K, capacity 2543K, committed 2560K, reserved 1048576K
}
Event: 4.027 GC heap before
{Heap before GC invocations=6 (full 0):
 PSYoungGen      total 53248K, used 53232K [0x00000000e0700000, 0x00000000e7800000, 0x0000000100000000)
  eden space 49152K, 100% used [0x00000000e0700000,0x00000000e3700000,0x00000000e3700000)
  from space 4096K, 99% used [0x00000000e3700000,0x00000000e3afc030,0x00000000e3b00000)
  to   space 8704K, 0% used [0x00000000e6f80000,0x00000000e6f80000,0x00000000e7800000)
 ParOldGen       total 65536K, used 10895K [0x00000000a1400000, 0x00000000a5400000, 0x00000000e0700000)
  object space 65536K, 16% used [0x00000000a1400000,0x00000000a1ea3fd0,0x00000000a5400000)
 Metaspace       used 19398K, capacity 19996K, committed 20224K, reserved 1067008K
  class space    used 2353K, capacity 2546K, committed 2560K, reserved 1048576K
Event: 4.039 GC heap after
Heap after GC invocations=6 (full 0):
 PSYoungGen      total 105984K, used 6144K [0x00000000e0700000, 0x00000000e7700000, 0x0000000100000000)
  eden space 98304K, 0% used [0x00000000e0700000,0x00000000e0700000,0x00000000e6700000)
  from space 7680K, 80% used [0x00000000e6f80000,0x00000000e7580060,0x00000000e7700000)
  to   space 8192K, 0% used [0x00000000e6700000,0x00000000e6700000,0x00000000e6f00000)
 ParOldGen       total 65536K, used 10903K [0x00000000a1400000, 0x00000000a5400000, 0x00000000e0700000)
  object space 65536K, 16% used [0x00000000a1400000,0x00000000a1ea5fd0,0x00000000a5400000)
 Metaspace       used 19398K, capacity 19996K, committed 20224K, reserved 1067008K
  class space    used 2353K, capacity 2546K, committed 2560K, reserved 1048576K
}
Event: 4.581 GC heap before
{Heap before GC invocations=7 (full 0):
 PSYoungGen      total 105984K, used 33688K [0x00000000e0700000, 0x00000000e7700000, 0x0000000100000000)
  eden space 98304K, 28% used [0x00000000e0700000,0x00000000e21e6220,0x00000000e6700000)
  from space 7680K, 80% used [0x00000000e6f80000,0x00000000e7580060,0x00000000e7700000)
  to   space 8192K, 0% used [0x00000000e6700000,0x00000000e6700000,0x00000000e6f00000)
 ParOldGen       total 65536K, used 10903K [0x00000000a1400000, 0x00000000a5400000, 0x00000000e0700000)
  object space 65536K, 16% used [0x00000000a1400000,0x00000000a1ea5fd0,0x00000000a5400000)
 Metaspace       used 20520K, capacity 21234K, committed 21296K, reserved 1069056K
  class space    used 2462K, capacity 2671K, committed 2688K, reserved 1048576K
Event: 4.594 GC heap after
Heap after GC invocations=7 (full 0):
 PSYoungGen      total 106496K, used 6173K [0x00000000e0700000, 0x00000000e7700000, 0x0000000100000000)
  eden space 98304K, 0% used [0x00000000e0700000,0x00000000e0700000,0x00000000e6700000)
  from space 8192K, 75% used [0x00000000e6700000,0x00000000e6d075f8,0x00000000e6f00000)
  to   space 7680K, 0% used [0x00000000e6f80000,0x00000000e6f80000,0x00000000e7700000)
 ParOldGen       total 65536K, used 12474K [0x00000000a1400000, 0x00000000a5400000, 0x00000000e0700000)
  object space 65536K, 19% used [0x00000000a1400000,0x00000000a202ea80,0x00000000a5400000)
 Metaspace       used 20520K, capacity 21234K, committed 21296K, reserved 1069056K
  class space    used 2462K, capacity 2671K, committed 2688K, reserved 1048576K
}
Event: 4.594 GC heap before
{Heap before GC invocations=8 (full 1):
 PSYoungGen      total 106496K, used 6173K [0x00000000e0700000, 0x00000000e7700000, 0x0000000100000000)
  eden space 98304K, 0% used [0x00000000e0700000,0x00000000e0700000,0x00000000e6700000)
  from space 8192K, 75% used [0x00000000e6700000,0x00000000e6d075f8,0x00000000e6f00000)
  to   space 7680K, 0% used [0x00000000e6f80000,0x00000000e6f80000,0x00000000e7700000)
 ParOldGen       total 65536K, used 12474K [0x00000000a1400000, 0x00000000a5400000, 0x00000000e0700000)
  object space 65536K, 19% used [0x00000000a1400000,0x00000000a202ea80,0x00000000a5400000)
 Metaspace       used 20520K, capacity 21234K, committed 21296K, reserved 1069056K
  class space    used 2462K, capacity 2671K, committed 2688K, reserved 1048576K
Event: 4.653 GC heap after
Heap after GC invocations=8 (full 1):
 PSYoungGen      total 106496K, used 0K [0x00000000e0700000, 0x00000000e7700000, 0x0000000100000000)
  eden space 98304K, 0% used [0x00000000e0700000,0x00000000e0700000,0x00000000e6700000)
  from space 8192K, 0% used [0x00000000e6700000,0x00000000e6700000,0x00000000e6f00000)
  to   space 7680K, 0% used [0x00000000e6f80000,0x00000000e6f80000,0x00000000e7700000)
 ParOldGen       total 51200K, used 10839K [0x00000000a1400000, 0x00000000a4600000, 0x00000000e0700000)
  object space 51200K, 21% used [0x00000000a1400000,0x00000000a1e95fd0,0x00000000a4600000)
 Metaspace       used 20520K, capacity 21234K, committed 21296K, reserved 1069056K
  class space    used 2462K, capacity 2671K, committed 2688K, reserved 1048576K
}
Event: 8.173 GC heap before
{Heap before GC invocations=9 (full 1):
 PSYoungGen      total 106496K, used 98304K [0x00000000e0700000, 0x00000000e7700000, 0x0000000100000000)
  eden space 98304K, 100% used [0x00000000e0700000,0x00000000e6700000,0x00000000e6700000)
  from space 8192K, 0% used [0x00000000e6700000,0x00000000e6700000,0x00000000e6f00000)
  to   space 7680K, 0% used [0x00000000e6f80000,0x00000000e6f80000,0x00000000e7700000)
 ParOldGen       total 51200K, used 10839K [0x00000000a1400000, 0x00000000a4600000, 0x00000000e0700000)
  object space 51200K, 21% used [0x00000000a1400000,0x00000000a1e95fd0,0x00000000a4600000)
 Metaspace       used 26435K, capacity 27404K, committed 27520K, reserved 1073152K
  class space    used 3146K, capacity 3412K, committed 3456K, reserved 1048576K
Event: 8.197 GC heap after
Heap after GC invocations=9 (full 1):
 PSYoungGen      total 99840K, used 7663K [0x00000000e0700000, 0x00000000eb500000, 0x0000000100000000)
  eden space 92160K, 0% used [0x00000000e0700000,0x00000000e0700000,0x00000000e6100000)
  from space 7680K, 99% used [0x00000000e6f80000,0x00000000e76fbc80,0x00000000e7700000)
  to   space 14848K, 0% used [0x00000000e6100000,0x00000000e6100000,0x00000000e6f80000)
 ParOldGen       total 51200K, used 25674K [0x00000000a1400000, 0x00000000a4600000, 0x00000000e0700000)
  object space 51200K, 50% used [0x00000000a1400000,0x00000000a2d12b20,0x00000000a4600000)
 Metaspace       used 26435K, capacity 27404K, committed 27520K, reserved 1073152K
  class space    used 3146K, capacity 3412K, committed 3456K, reserved 1048576K
}

Deoptimization events (10 events):
Event: 8.620 Thread 0x00000000023a2800 Uncommon trap: reason=class_check action=maybe_recompile pc=0x0000000002df9ec0 method=java.util.Collections$UnmodifiableMap$UnmodifiableEntrySet$UnmodifiableEntry.getKey()Ljava/lang/Object; @ 4
Event: 8.620 Thread 0x00000000023a2800 Uncommon trap: reason=class_check action=maybe_recompile pc=0x0000000002dfe900 method=java.util.Collections$UnmodifiableMap$UnmodifiableEntrySet$UnmodifiableEntry.getValue()Ljava/lang/Object; @ 4
Event: 8.620 Thread 0x00000000023a2800 Uncommon trap: reason=class_check action=maybe_recompile pc=0x0000000002dffc4c method=java.util.Collections$UnmodifiableMap$UnmodifiableEntrySet$1.hasNext()Z @ 4
Event: 8.620 Thread 0x00000000023a2800 Uncommon trap: reason=class_check action=maybe_recompile pc=0x0000000002df6df0 method=java.util.Collections$UnmodifiableMap$UnmodifiableEntrySet$1.next()Ljava/util/Map$Entry; @ 8
Event: 8.620 Thread 0x00000000023a2800 Uncommon trap: reason=class_check action=maybe_recompile pc=0x0000000002df9ec0 method=java.util.Collections$UnmodifiableMap$UnmodifiableEntrySet$UnmodifiableEntry.getKey()Ljava/lang/Object; @ 4
Event: 8.620 Thread 0x00000000023a2800 Uncommon trap: reason=class_check action=maybe_recompile pc=0x0000000002dfe900 method=java.util.Collections$UnmodifiableMap$UnmodifiableEntrySet$UnmodifiableEntry.getValue()Ljava/lang/Object; @ 4
Event: 8.620 Thread 0x00000000023a2800 Uncommon trap: reason=class_check action=maybe_recompile pc=0x0000000002dffc4c method=java.util.Collections$UnmodifiableMap$UnmodifiableEntrySet$1.hasNext()Z @ 4
Event: 8.620 Thread 0x00000000023a2800 Uncommon trap: reason=class_check action=maybe_recompile pc=0x0000000002df6df0 method=java.util.Collections$UnmodifiableMap$UnmodifiableEntrySet$1.next()Ljava/util/Map$Entry; @ 8
Event: 8.620 Thread 0x00000000023a2800 Uncommon trap: reason=class_check action=maybe_recompile pc=0x0000000002df9ec0 method=java.util.Collections$UnmodifiableMap$UnmodifiableEntrySet$UnmodifiableEntry.getKey()Ljava/lang/Object; @ 4
Event: 8.620 Thread 0x00000000023a2800 Uncommon trap: reason=class_check action=maybe_recompile pc=0x0000000002dfe900 method=java.util.Collections$UnmodifiableMap$UnmodifiableEntrySet$UnmodifiableEntry.getValue()Ljava/lang/Object; @ 4

Classes redefined (0 events):
No events

Internal exceptions (10 events):
Event: 4.993 Thread 0x00000000023a2800 Exception <a 'sun/nio/fs/WindowsException'> (0x00000000e14b2d98) thrown at [C:\re\workspace\8-2-build-windows-amd64-cygwin\jdk8u202\12323\hotspot\src\share\vm\prims\jni.cpp, line 710]
Event: 4.994 Thread 0x00000000023a2800 Exception <a 'sun/nio/fs/WindowsException'> (0x00000000e14b45d0) thrown at [C:\re\workspace\8-2-build-windows-amd64-cygwin\jdk8u202\12323\hotspot\src\share\vm\prims\jni.cpp, line 710]
Event: 5.328 Thread 0x00000000023a2800 Exception <a 'sun/nio/fs/WindowsException'> (0x00000000e14b5e00) thrown at [C:\re\workspace\8-2-build-windows-amd64-cygwin\jdk8u202\12323\hotspot\src\share\vm\prims\jni.cpp, line 710]
Event: 5.329 Thread 0x00000000023a2800 Exception <a 'sun/nio/fs/WindowsException'> (0x00000000e14b7638) thrown at [C:\re\workspace\8-2-build-windows-amd64-cygwin\jdk8u202\12323\hotspot\src\share\vm\prims\jni.cpp, line 710]
Event: 5.487 Thread 0x00000000023a2800 Exception <a 'sun/nio/fs/WindowsException'> (0x00000000e14b8e68) thrown at [C:\re\workspace\8-2-build-windows-amd64-cygwin\jdk8u202\12323\hotspot\src\share\vm\prims\jni.cpp, line 710]
Event: 5.488 Thread 0x00000000023a2800 Exception <a 'sun/nio/fs/WindowsException'> (0x00000000e14ba6a0) thrown at [C:\re\workspace\8-2-build-windows-amd64-cygwin\jdk8u202\12323\hotspot\src\share\vm\prims\jni.cpp, line 710]
Event: 6.338 Thread 0x00000000023a2800 Exception <a 'java/io/FileNotFoundException'> (0x00000000e35a6c70) thrown at [C:\re\workspace\8-2-build-windows-amd64-cygwin\jdk8u202\12323\hotspot\src\share\vm\prims\jni.cpp, line 710]
Event: 6.347 Thread 0x00000000023a2800 Exception <a 'java/io/FileNotFoundException'> (0x00000000e35db9c8) thrown at [C:\re\workspace\8-2-build-windows-amd64-cygwin\jdk8u202\12323\hotspot\src\share\vm\prims\jni.cpp, line 710]
Event: 8.165 Thread 0x00000000023a2800 Implicit null exception at 0x0000000002eda171 to 0x0000000002eda581
Event: 8.205 Thread 0x00000000023a2800 Implicit null exception at 0x0000000002e07d95 to 0x0000000002e07f91

Events (10 events):
Event: 8.625 loading class com/sun/tools/javac/tree/JCTree$JCPolyExpression$PolyKind
Event: 8.625 loading class com/sun/tools/javac/tree/JCTree$JCPolyExpression$PolyKind done
Event: 8.662 loading class java/lang/Class$EnclosingMethodInfo
Event: 8.662 loading class java/lang/Class$EnclosingMethodInfo done
Event: 8.668 Thread 0x00000000023a2800 DEOPT PACKING pc=0x00000000033940b0 sp=0x000000000231c4d0
Event: 8.668 Thread 0x00000000023a2800 DEOPT UNPACKING pc=0x00000000025d7490 sp=0x000000000231c320 mode 0
Event: 8.782 loading class lombok/launch/AnnotationProcessorHider$ClaimingProcessor
Event: 8.782 loading class lombok/launch/AnnotationProcessorHider$ClaimingProcessor done
Event: 8.783 Executing VM operation: RevokeBias
Event: 8.783 Executing VM operation: RevokeBias done


Dynamic libraries:
0x00007ff7faf80000 - 0x00007ff7fafb7000 	C:\Program Files\Java\jdk1.8.0_202\bin\java.exe
0x00007ff9ed5b0000 - 0x00007ff9ed7c4000 	C:\WINDOWS\SYSTEM32\ntdll.dll
0x00007ff9eb930000 - 0x00007ff9eb9f3000 	C:\WINDOWS\System32\KERNEL32.DLL
0x00007ff9eaa90000 - 0x00007ff9eae2c000 	C:\WINDOWS\System32\KERNELBASE.dll
0x00007ff9ecf40000 - 0x00007ff9ecfee000 	C:\WINDOWS\System32\ADVAPI32.dll
0x00007ff9ecb80000 - 0x00007ff9ecc27000 	C:\WINDOWS\System32\msvcrt.dll
0x00007ff9eba00000 - 0x00007ff9ebaa4000 	C:\WINDOWS\System32\sechost.dll
0x00007ff9eb730000 - 0x00007ff9eb845000 	C:\WINDOWS\System32\RPCRT4.dll
0x00007ff9ebab0000 - 0x00007ff9ebc5d000 	C:\WINDOWS\System32\USER32.dll
0x00007ff9eaa60000 - 0x00007ff9eaa86000 	C:\WINDOWS\System32\win32u.dll
0x00007ff9eb5f0000 - 0x00007ff9eb619000 	C:\WINDOWS\System32\GDI32.dll
0x00007ff9eb2a0000 - 0x00007ff9eb3b3000 	C:\WINDOWS\System32\gdi32full.dll
0x00007ff9eae30000 - 0x00007ff9eaeca000 	C:\WINDOWS\System32\msvcp_win.dll
0x00007ff9eaed0000 - 0x00007ff9eafe1000 	C:\WINDOWS\System32\ucrtbase.dll
0x00007ff9d1b40000 - 0x00007ff9d1dce000 	C:\WINDOWS\WinSxS\amd64_microsoft.windows.common-controls_6595b64144ccf1df_6.0.22621.608_none_a9444ca7c10bb01d\COMCTL32.dll
0x00007ff9eccc0000 - 0x00007ff9eccf1000 	C:\WINDOWS\System32\IMM32.DLL
0x0000000072a40000 - 0x0000000072b12000 	C:\Program Files\Java\jdk1.8.0_202\jre\bin\msvcr100.dll
0x0000000070050000 - 0x00000000708f5000 	C:\Program Files\Java\jdk1.8.0_202\jre\bin\server\jvm.dll
0x00007ff9eb620000 - 0x00007ff9eb628000 	C:\WINDOWS\System32\PSAPI.DLL
0x00007ff9e20a0000 - 0x00007ff9e20aa000 	C:\WINDOWS\SYSTEM32\VERSION.dll
0x00007ff9e3780000 - 0x00007ff9e37b4000 	C:\WINDOWS\SYSTEM32\WINMM.dll
0x00007ff9e3970000 - 0x00007ff9e3979000 	C:\WINDOWS\SYSTEM32\WSOCK32.dll
0x00007ff9ecc40000 - 0x00007ff9eccb1000 	C:\WINDOWS\System32\WS2_32.dll
0x00007ff9e7ce0000 - 0x00007ff9e7cef000 	C:\Program Files\Java\jdk1.8.0_202\jre\bin\verify.dll
0x00007ff9c37b0000 - 0x00007ff9c37d9000 	C:\Program Files\Java\jdk1.8.0_202\jre\bin\java.dll
0x00007ff9d7400000 - 0x00007ff9d7416000 	C:\Program Files\Java\jdk1.8.0_202\jre\bin\zip.dll
0x00007ff9ebff0000 - 0x00007ff9ec7e0000 	C:\WINDOWS\System32\SHELL32.dll
0x00007ff9e8a00000 - 0x00007ff9e92ce000 	C:\WINDOWS\SYSTEM32\windows.storage.dll
0x00007ff9ebc60000 - 0x00007ff9ebfe9000 	C:\WINDOWS\System32\combase.dll
0x00007ff9e88c0000 - 0x00007ff9e89fe000 	C:\WINDOWS\SYSTEM32\wintypes.dll
0x00007ff9eb630000 - 0x00007ff9eb721000 	C:\WINDOWS\System32\SHCORE.dll
0x00007ff9eb850000 - 0x00007ff9eb8ae000 	C:\WINDOWS\System32\shlwapi.dll
0x00007ff9ea920000 - 0x00007ff9ea941000 	C:\WINDOWS\SYSTEM32\profapi.dll
0x0000000069ac0000 - 0x0000000069ae4000 	C:\Program Files\apache-maven-3.9.0\lib\jansi-native\Windows\x86_64\jansi.dll
0x00007ff9c3790000 - 0x00007ff9c37aa000 	C:\Program Files\Java\jdk1.8.0_202\jre\bin\net.dll
0x00007ff9d7610000 - 0x00007ff9d7800000 	C:\WINDOWS\SYSTEM32\urlmon.dll
0x00007ff9cddc0000 - 0x00007ff9ce071000 	C:\WINDOWS\SYSTEM32\iertutil.dll
0x00007ff9e9510000 - 0x00007ff9e951c000 	C:\WINDOWS\SYSTEM32\netutils.dll
0x00007ff9cebf0000 - 0x00007ff9cec18000 	C:\WINDOWS\SYSTEM32\srvcli.dll
0x00007ff9e9eb0000 - 0x00007ff9e9f19000 	C:\WINDOWS\system32\mswsock.dll
0x00007ff9c3770000 - 0x00007ff9c3782000 	C:\Program Files\Java\jdk1.8.0_202\jre\bin\nio.dll
0x00007ff9e9a60000 - 0x00007ff9e9a94000 	C:\WINDOWS\SYSTEM32\ntmarta.dll

VM Arguments:
jvm_args: -Dclassworlds.conf=C:\Program Files\apache-maven-3.9.0\bin\m2.conf -Dmaven.home=C:\Program Files\apache-maven-3.9.0 -Dlibrary.jansi.path=C:\Program Files\apache-maven-3.9.0\lib\jansi-native -Dmaven.multiModuleProjectDirectory=E:\SDET Training WS\testngSamplesB1 
java_command: org.codehaus.plexus.classworlds.launcher.Launcher clean install
java_class_path (initial): C:\Program Files\apache-maven-3.9.0\boot\plexus-classworlds-2.6.0.jar
Launcher Type: SUN_STANDARD

Environment Variables:
JAVA_HOME=C:\Program Files\Java\jdk1.8.0_202
PATH=C:\Program Files\apache-maven-3.9.0/bin;C:\Program Files (x86)\Common Files\Oracle\Java\javapath;C:\Program Files\Java\jdk1.8.0_202;C:\Program Files\apache-maven-3.9.0\bin;C:\WINDOWS\system32;C:\WINDOWS;C:\WINDOWS\System32\Wbem;C:\WINDOWS\System32\WindowsPowerShell\v1.0\;C:\WINDOWS\System32\OpenSSH\;C:\Program Files\Java\jdk1.8.0_301\bin;C:\Program Files\apache-maven-3.9.0\bin;C:\Program Files\Git\cmd;C:\Users\mohanapriya\AppData\Local\Programs\Python\Python37\Scripts\;C:\Users\mohanapriya\AppData\Local\Programs\Python\Python37\;C:\Program Files\MySQL\MySQL Shell 8.0\bin\;C:\Python\Python37\Scripts\;C:\Python\Python37\;C:\Users\mohanapriya\AppData\Local\Microsoft\WindowsApps;C:\Program Files\CodeBlocks\MinGW\bin;C:\Users\mohanapriya\AppData\Local\Programs\Microsoft VS Code\bin
USERNAME=mohanapriya
OS=Windows_NT
PROCESSOR_IDENTIFIER=AMD64 Family 23 Model 24 Stepping 1, AuthenticAMD



---------------  S Y S T E M  ---------------

OS: Windows 10.0 , 64 bit Build 22621 (10.0.22621.1344)

CPU:total 8 (initial active 8) (8 cores per cpu, 1 threads per core) family 23 model 24 stepping 1, cmov, cx8, fxsr, mmx, sse, sse2, sse3, ssse3, sse4.1, sse4.2, popcnt, avx, avx2, aes, clmul, mmxext, 3dnowpref, lzcnt, sse4a, tsc, tscinvbit, tscinv, bmi1

Memory: 4k page, physical 6203148k(1551660k free), swap 8300300k(4104k free)

vm_info: Java HotSpot(TM) 64-Bit Server VM (25.202-b08) for windows-amd64 JRE (1.8.0_202-b08), built on Dec 15 2018 19:54:30 by "java_re" with MS VC++ 10.0 (VS2010)

time: Tue Mar 14 15:57:35 2023
timezone: India Standard Time
elapsed time: 8 seconds (0d 0h 0m 8s)

